12:13:29: Creating resource group General
12:13:29: Creating resource group Internal
12:13:29: Creating resource group Autodetect
12:13:29: Registering ResourceManager for type Mesh
12:13:29: Registering ResourceManager for type Material
12:13:29: Registering ResourceManager for type Skeleton
12:13:29: XMLMeshSerializer reading mesh data from D:\Game\steamapps\common\RunningWithRifles\media\packages\hell_diver\models\a.mesh.xml...
12:13:29: Reading geometry...
12:13:29: Geometry done...
12:13:29: Reading submeshes...
12:13:29: Submeshes done.
12:13:29: Reading mesh names...
12:13:29: Mesh names done.
12:13:29: XMLMeshSerializer import successful.
12:13:29: Reorganising vertex buffers to automatic layout..
12:13:29: MeshSerializer writing mesh data to D:\Game\steamapps\common\RunningWithRifles\media\packages\hell_diver\models\a.mesh...
12:13:29: File header written.
12:13:29: Writing mesh data...
12:13:29: Writing submesh...
12:13:29: Exporting submesh texture aliases...
12:13:29: Submesh texture aliases exported.
12:13:29: Submesh exported.
12:13:29: Exporting bounds information....
12:13:29: Bounds information exported.
12:13:29: Exporting submesh name table...
12:13:29: Submesh name table exported.
12:13:29: Mesh data exported.
12:13:29: MeshSerializer export successful.
12:13:29: Unregistering ResourceManager for type Skeleton
12:13:29: Unregistering ResourceManager for type Material
12:13:29: Unregistering ResourceManager for type Mesh
